{
  "RSpec": {
    "coverage": {
      "/Users/JoshuaRinard/Desktop/OUTFIT-Rails/spec/features/picture_pages_path_spec.rb": [
        1,
        null,
        1,
        1,
        2,
        2,
        null,
        1,
        1,
        1,
        1,
        1,
        null,
        1,
        1,
        null,
        1,
        1,
        1,
        1,
        1,
        null,
        null,
        null,
        null,
        null,
        null,
        null,
        null,
        null,
        null,
        null,
        null,
        null,
        null,
        null
      ],
      "/Users/JoshuaRinard/Desktop/OUTFIT-Rails/spec/models/event_spec.rb": [
        1,
        null,
        null,
        null,
        1,
        2,
        2,
        null
      ],
      "/Users/JoshuaRinard/Desktop/OUTFIT-Rails/spec/models/pictures_spec.rb": [
        1,
        null,
        null,
        null,
        1,
        2,
        null
      ],
      "/Users/JoshuaRinard/Desktop/OUTFIT-Rails/spec/models/user_spec.rb": [
        1,
        null,
        null,
        null,
        1,
        2,
        2,
        2,
        null
      ]
    },
    "timestamp": 1489038886
  }
}
